<?xml version="1.0" encoding="UTF-8"?>
<!-- Generated by org.testng.reporters.JUnitXMLReporter -->
<testsuite hostname="LAPTOP-O6TUN65H" ignored="1" name="Test" tests="3" failures="0" timestamp="02 Mar 2022 09:47:05 GMT" time="20.363" errors="0">
  <testcase name="Testcase1" time="0.019" classname="day5.TestNGExercise1"/>
  <testcase name="Testcase2" time="0.006" classname="day5.TestNGExercise1"/>
  <testcase name="LoginTC" time="3.488" classname="day5.TestNGExercise2"/>
  <testcase name="FlightSearchTC" time="0.0" classname="day5.TestNGExercise2">
    <ignored/>
  </testcase> <!-- FlightSearchTC -->
</testsuite> <!-- Test -->
